\BOOKMARK [0][-]{chapter.1}{\376\377\000I\000n\000t\000r\000o\000d\000u\000c\000t\000i\000o\000n}{}% 1
\BOOKMARK [0][-]{chapter.2}{\376\377\000L\000i\000t\000e\000r\000a\000t\000u\000r\000e\000\040\000R\000e\000v\000i\000e\000w}{}% 2
\BOOKMARK [1][-]{section.2.1}{\376\377\000A\000b\000n\000o\000r\000m\000a\000l\000\040\000H\000e\000a\000r\000t\000\040\000S\000o\000u\000n\000d\000\040\000D\000e\000t\000e\000c\000t\000i\000o\000n}{chapter.2}% 3
\BOOKMARK [1][-]{section.2.2}{\376\377\000A\000I\000\040\000a\000n\000d\000\040\000I\000o\000H\000T\000\040\000i\000n\000\040\000R\000e\000m\000o\000t\000e\000\040\000H\000e\000a\000l\000t\000h\000c\000a\000r\000e}{chapter.2}% 4
\BOOKMARK [1][-]{section.2.3}{\376\377\000F\000e\000d\000e\000r\000a\000t\000e\000d\000\040\000L\000e\000a\000r\000n\000i\000n\000g\000\040\000i\000n\000\040\000H\000e\000a\000l\000t\000h\000c\000a\000r\000e}{chapter.2}% 5
\BOOKMARK [1][-]{section.2.4}{\376\377\000P\000e\000r\000s\000o\000n\000a\000l\000i\000z\000a\000t\000i\000o\000n\000\040\000a\000n\000d\000\040\000H\000e\000t\000e\000r\000o\000g\000e\000n\000e\000i\000t\000y\000\040\000i\000n\000\040\000F\000L}{chapter.2}% 6
\BOOKMARK [1][-]{section.2.5}{\376\377\000E\000n\000s\000e\000m\000b\000l\000e\000\040\000L\000e\000a\000r\000n\000i\000n\000g\000\040\000a\000n\000d\000\040\000M\000o\000d\000e\000l\000\040\000S\000t\000a\000c\000k\000i\000n\000g}{chapter.2}% 7
\BOOKMARK [1][-]{section.2.6}{\376\377\000S\000u\000m\000m\000a\000r\000y\000\040\000a\000n\000d\000\040\000G\000a\000p\000s}{chapter.2}% 8
\BOOKMARK [0][-]{chapter.3}{\376\377\000G\000o\000a\000l\000s}{}% 9
\BOOKMARK [1][-]{section.3.1}{\376\377\000G\000o\000a\000l\000s}{chapter.3}% 10
\BOOKMARK [1][-]{section.3.2}{\376\377\000O\000b\000j\000e\000c\000t\000i\000v\000e\000s}{chapter.3}% 11
\BOOKMARK [1][-]{section.3.3}{\376\377\000S\000c\000o\000p\000e\000\040\000a\000n\000d\000\040\000L\000i\000m\000i\000t\000a\000t\000i\000o\000n\000s}{chapter.3}% 12
\BOOKMARK [0][-]{chapter.4}{\376\377\000M\000e\000t\000h\000o\000d\000o\000l\000o\000g\000y}{}% 13
\BOOKMARK [1][-]{section.4.1}{\376\377\000O\000v\000e\000r\000v\000i\000e\000w\000\040\000o\000f\000\040\000t\000h\000e\000\040\000P\000r\000o\000p\000o\000s\000e\000d\000\040\000S\000y\000s\000t\000e\000m}{chapter.4}% 14
\BOOKMARK [1][-]{section.4.2}{\376\377\000L\000o\000c\000a\000l\000\040\000M\000o\000d\000e\000l\000\040\000A\000r\000c\000h\000i\000t\000e\000c\000t\000u\000r\000e}{chapter.4}% 15
\BOOKMARK [2][-]{subsection.4.2.1}{\376\377\000L\000o\000c\000a\000l\000\040\000M\000o\000d\000e\000l\000\040\000A\000r\000c\000h\000i\000t\000e\000c\000t\000u\000r\000e}{section.4.2}% 16
\BOOKMARK [2][-]{subsection.4.2.2}{\376\377\000S\000t\000a\000c\000k\000i\000n\000g\000\040\000E\000n\000s\000e\000m\000b\000l\000e\000\040\000S\000t\000r\000a\000t\000e\000g\000y}{section.4.2}% 17
\BOOKMARK [2][-]{subsection.4.2.3}{\376\377\000F\000e\000d\000e\000r\000a\000t\000e\000d\000\040\000A\000g\000g\000r\000e\000g\000a\000t\000i\000o\000n\000\040\000P\000r\000o\000c\000e\000s\000s}{section.4.2}% 18
\BOOKMARK [2][-]{subsection.4.2.4}{\376\377\000E\000v\000a\000l\000u\000a\000t\000i\000o\000n\000\040\000S\000t\000r\000a\000t\000e\000g\000y}{section.4.2}% 19
\BOOKMARK [2][-]{subsection.4.2.5}{\376\377\000I\000m\000p\000l\000e\000m\000e\000n\000t\000a\000t\000i\000o\000n\000\040\000D\000e\000t\000a\000i\000l\000s}{section.4.2}% 20
\BOOKMARK [0][-]{chapter.5}{\376\377\000E\000v\000a\000l\000u\000a\000t\000i\000o\000n}{}% 21
\BOOKMARK [1][-]{section.5.1}{\376\377\000E\000v\000a\000l\000u\000a\000t\000i\000o\000n\000\040\000O\000b\000j\000e\000c\000t\000i\000v\000e\000s}{chapter.5}% 22
\BOOKMARK [1][-]{section.5.2}{\376\377\000E\000v\000a\000l\000u\000a\000t\000i\000o\000n\000\040\000M\000e\000t\000r\000i\000c\000s}{chapter.5}% 23
\BOOKMARK [1][-]{section.5.3}{\376\377\000E\000x\000p\000e\000r\000i\000m\000e\000n\000t\000a\000l\000\040\000S\000e\000t\000u\000p}{chapter.5}% 24
\BOOKMARK [1][-]{section.5.4}{\376\377\000E\000v\000a\000l\000u\000a\000t\000i\000o\000n\000\040\000P\000r\000o\000c\000e\000d\000u\000r\000e}{chapter.5}% 25
\BOOKMARK [0][-]{chapter.6}{\376\377\000P\000r\000o\000j\000e\000c\000t\000\040\000P\000l\000a\000n}{}% 26
\BOOKMARK [1][-]{section.6.1}{\376\377\000W\000o\000r\000k\000\040\000B\000r\000e\000a\000k\000d\000o\000w\000n\000\040\000S\000t\000r\000u\000c\000t\000u\000r\000e\000\040\000\050\000W\000B\000S\000\051}{chapter.6}% 27
\BOOKMARK [1][-]{section.6.2}{\376\377\000T\000i\000m\000e\000l\000i\000n\000e\000\040\000a\000n\000d\000\040\000G\000a\000n\000t\000t\000\040\000C\000h\000a\000r\000t}{chapter.6}% 28
\BOOKMARK [1][-]{section.6.3}{\376\377\000R\000e\000s\000o\000u\000r\000c\000e\000s\000\040\000a\000n\000d\000\040\000T\000o\000o\000l\000s}{chapter.6}% 29
\BOOKMARK [1][-]{section.6.4}{\376\377\000R\000i\000s\000k\000\040\000M\000a\000n\000a\000g\000e\000m\000e\000n\000t}{chapter.6}% 30
